<?xml version="1.0" encoding="UTF-8"?>
<!-- Generated by org.testng.reporters.JUnitReportReporter -->
<testsuite hostname="MT-PG02JBJ5" failures="0" tests="1" name="TestsRun.contactUs" time="2.653" errors="0" timestamp="2022-01-18T13:41:37 GMT+05:30" skipped="0">
  <testcase classname="TestsRun.contactUs" name="runContactUs" time="2.653"/>
  <system-out/>
</testsuite> <!-- TestsRun.contactUs -->
