<?xml version="1.0" encoding="UTF-8"?>
<!-- Generated by org.testng.reporters.JUnitReportReporter -->
<testsuite hostname="MT-PG02JBJ5" failures="0" tests="1" name="TestsRun.airport" time="13.878" errors="0" timestamp="2022-01-18T13:41:37 GMT+05:30" skipped="0">
  <testcase classname="TestsRun.airport" name="MainHomePage" time="13.878"/>
  <system-out/>
</testsuite> <!-- TestsRun.airport -->
